0 info it worked if it ends with ok
1 verbose cli [ '/usr/bin/nodejs', '/usr/bin/npm', 'start' ]
2 info using npm@3.5.2
3 info using node@v4.2.6
4 verbose run-script [ 'prestart', 'start', 'poststart' ]
5 info lifecycle appengine-hello-world@0.0.1~prestart: appengine-hello-world@0.0.1
6 silly lifecycle appengine-hello-world@0.0.1~prestart: no script for prestart, continuing
7 info lifecycle appengine-hello-world@0.0.1~start: appengine-hello-world@0.0.1
8 verbose lifecycle appengine-hello-world@0.0.1~start: unsafe-perm in lifecycle true
9 verbose lifecycle appengine-hello-world@0.0.1~start: PATH: /usr/share/npm/bin/node-gyp-bin:/var/www/html/node/git/nodejs-docs-samples/appengine/hello-world/node_modules/.bin:/usr/local/sbin:/usr/local/bin:/usr/sbin:/usr/bin:/sbin:/bin:/usr/games:/usr/local/games
10 verbose lifecycle appengine-hello-world@0.0.1~start: CWD: /var/www/html/node/git/nodejs-docs-samples/appengine/hello-world
11 silly lifecycle appengine-hello-world@0.0.1~start: Args: [ '-c', 'node app.js' ]
12 info lifecycle appengine-hello-world@0.0.1~start: Failed to exec start script
13 verbose stack Error: appengine-hello-world@0.0.1 start: `node app.js`
13 verbose stack spawn ENOENT
13 verbose stack     at ChildProcess.<anonymous> (/usr/share/npm/lib/utils/spawn.js:17:16)
13 verbose stack     at emitTwo (events.js:87:13)
13 verbose stack     at ChildProcess.emit (events.js:172:7)
13 verbose stack     at maybeClose (internal/child_process.js:821:16)
13 verbose stack     at Process.ChildProcess._handle.onexit (internal/child_process.js:211:5)
14 verbose pkgid appengine-hello-world@0.0.1
15 verbose cwd /var/www/html/node/git/nodejs-docs-samples/appengine/hello-world
16 error Linux 4.4.1
17 error argv "/usr/bin/nodejs" "/usr/bin/npm" "start"
18 error node v4.2.6
19 error npm  v3.5.2
20 error file sh
21 error code ELIFECYCLE
22 error errno ENOENT
23 error syscall spawn
24 error appengine-hello-world@0.0.1 start: `node app.js`
24 error spawn ENOENT
25 error Failed at the appengine-hello-world@0.0.1 start script 'node app.js'.
25 error Make sure you have the latest version of node.js and npm installed.
25 error If you do, this is most likely a problem with the appengine-hello-world package,
25 error not with npm itself.
25 error Tell the author that this fails on your system:
25 error     node app.js
25 error You can get information on how to open an issue for this project with:
25 error     npm bugs appengine-hello-world
25 error Or if that isn't available, you can get their info via:
25 error     npm owner ls appengine-hello-world
25 error There is likely additional logging output above.
26 verbose exit [ 1, true ]
